<?xml version="1.0" encoding="UTF-8"?>
<testng-results ignored="0" total="1" passed="1" failed="0" skipped="0">
  <reporter-output>
  </reporter-output>
  <suite started-at="2024-11-04T07:50:35 IST" name="Suite" finished-at="2024-11-04T07:50:49 IST" duration-ms="13918">
    <groups>
    </groups>
    <test started-at="2024-11-04T07:50:35 IST" name="Test" finished-at="2024-11-04T07:50:49 IST" duration-ms="13918">
      <class name="pageobjects.ProductPage">
        <test-method is-config="true" signature="loadConfig()[pri:0, instance:pageobjects.ProductPage@6928f576]" started-at="2024-11-04T07:50:35 IST" name="loadConfig" finished-at="2024-11-04T07:50:35 IST" duration-ms="210" status="PASS">
          <reporter-output>
          </reporter-output>
        </test-method> <!-- loadConfig -->
        <test-method is-config="true" signature="browserConfiguration()[pri:0, instance:pageobjects.ProductPage@6928f576]" started-at="2024-11-04T07:50:35 IST" name="browserConfiguration" finished-at="2024-11-04T07:50:40 IST" duration-ms="4834" status="PASS">
          <reporter-output>
          </reporter-output>
        </test-method> <!-- browserConfiguration -->
        <test-method signature="productVerification()[pri:0, instance:pageobjects.ProductPage@6928f576]" started-at="2024-11-04T07:50:40 IST" name="productVerification" finished-at="2024-11-04T07:50:49 IST" duration-ms="8440" status="PASS">
          <reporter-output>
          </reporter-output>
        </test-method> <!-- productVerification -->
        <test-method is-config="true" signature="tearDown()[pri:0, instance:pageobjects.ProductPage@6928f576]" started-at="2024-11-04T07:50:49 IST" name="tearDown" finished-at="2024-11-04T07:50:49 IST" duration-ms="586" status="PASS">
          <reporter-output>
          </reporter-output>
        </test-method> <!-- tearDown -->
        <test-method is-config="true" signature="afterSuite()[pri:0, instance:pageobjects.ProductPage@6928f576]" started-at="2024-11-04T07:50:49 IST" name="afterSuite" finished-at="2024-11-04T07:50:50 IST" duration-ms="647" status="PASS">
          <reporter-output>
          </reporter-output>
        </test-method> <!-- afterSuite -->
      </class> <!-- pageobjects.ProductPage -->
    </test> <!-- Test -->
  </suite> <!-- Suite -->
</testng-results>
